app/build/intermediates/manifest_merge_blame_file/release/manifest-merger-blame-release-report.txt
1<?xml version="1.0" encoding="utf-8"?>
2<manifest xmlns:android="http://schemas.android.com/apk/res/android"
3    package="com.hisdu.revamp"
4    android:versionCode="3"
5    android:versionName="1.0.2" >
6
7    <uses-sdk
8        android:minSdkVersion="19"
8-->src/main/AndroidManifest.xml
9        android:targetSdkVersion="31" />
9-->src/main/AndroidManifest.xml
10
11    <!-- Permissions -->
12    <uses-permission android:name="android.permission.INTERNET" />
12-->src/main/AndroidManifest.xml:7:5-67
12-->src/main/AndroidManifest.xml:7:22-64
13    <uses-permission android:name="android.permission.ACCESS_NETWORK_STATE" />
13-->src/main/AndroidManifest.xml:8:5-79
13-->src/main/AndroidManifest.xml:8:22-76
14    <uses-permission android:name="android.permission.WRITE_EXTERNAL_STORAGE" />
14-->src/main/AndroidManifest.xml:9:5-81
14-->src/main/AndroidManifest.xml:9:22-78
15    <uses-permission android:name="android.permission.READ_EXTERNAL_STORAGE" />
15-->src/main/AndroidManifest.xml:10:5-80
15-->src/main/AndroidManifest.xml:10:22-77
16    <uses-permission android:name="android.permission.ACCESS_FINE_LOCATION" />
16-->src/main/AndroidManifest.xml:11:5-79
16-->src/main/AndroidManifest.xml:11:22-76
17    <uses-permission android:name="android.permission.CAMERA" />
17-->src/main/AndroidManifest.xml:12:5-65
17-->src/main/AndroidManifest.xml:12:22-62
18    <uses-permission android:name="android.permission.INJECT_EVENTS" />
18-->src/main/AndroidManifest.xml:13:5-71
18-->src/main/AndroidManifest.xml:13:22-69
19    <uses-permission android:name="android.permission.VIBRATE" />
19-->[com.wdullaer:materialdatetimepicker:4.2.3] AndroidManifest.xml:26:5-66
19-->[com.wdullaer:materialdatetimepicker:4.2.3] AndroidManifest.xml:26:22-63
20    <uses-permission android:name="android.permission.WAKE_LOCK" />
20-->[com.google.android.gms:play-services-measurement:20.0.0] AndroidManifest.xml:25:5-68
20-->[com.google.android.gms:play-services-measurement:20.0.0] AndroidManifest.xml:25:22-65
21    <uses-permission android:name="com.google.android.finsky.permission.BIND_GET_INSTALL_REFERRER_SERVICE" /> <!-- <uses-feature android:name="android.hardware.camera" android:required="true" /> -->
21-->[com.google.android.gms:play-services-measurement:20.0.0] AndroidManifest.xml:26:5-110
21-->[com.google.android.gms:play-services-measurement:20.0.0] AndroidManifest.xml:26:22-107
22    <application
22-->src/main/AndroidManifest.xml:16:5-59:19
23        android:name="com.hisdu.meas.MainApplication"
23-->src/main/AndroidManifest.xml:17:9-54
24        android:allowBackup="true"
24-->src/main/AndroidManifest.xml:18:9-35
25        android:appComponentFactory="androidx.core.app.CoreComponentFactory"
25-->[androidx.core:core:1.8.0-rc01] AndroidManifest.xml:24:18-86
26        android:icon="@mipmap/ic_launcher"
26-->src/main/AndroidManifest.xml:19:9-43
27        android:label="@string/app_name"
27-->src/main/AndroidManifest.xml:20:9-41
28        android:largeHeap="true"
28-->src/main/AndroidManifest.xml:21:9-33
29        android:requestLegacyExternalStorage="true"
29-->src/main/AndroidManifest.xml:22:9-52
30        android:supportsRtl="true"
30-->src/main/AndroidManifest.xml:23:9-35
31        android:theme="@style/AppTheme.NoActionBar"
31-->src/main/AndroidManifest.xml:24:9-52
32        android:usesCleartextTraffic="true" >
32-->src/main/AndroidManifest.xml:25:9-44
33        <meta-data
33-->src/main/AndroidManifest.xml:30:9-32:72
34            android:name="io.fabric.ApiKey"
34-->src/main/AndroidManifest.xml:31:13-44
35            android:value="236b16296bcdaebec9e1d93b4dd79388545d9dd0" />
35-->src/main/AndroidManifest.xml:32:13-69
36
37        <activity
37-->src/main/AndroidManifest.xml:34:9-45:20
38            android:name="com.hisdu.meas.ui.splash.SplashActivity"
38-->src/main/AndroidManifest.xml:35:13-67
39            android:configChanges="orientation"
39-->src/main/AndroidManifest.xml:36:13-48
40            android:exported="true"
40-->src/main/AndroidManifest.xml:39:13-36
41            android:screenOrientation="portrait"
41-->src/main/AndroidManifest.xml:37:13-49
42            android:theme="@style/AppThemeFullScreen" >
42-->src/main/AndroidManifest.xml:38:13-54
43            <intent-filter>
43-->src/main/AndroidManifest.xml:40:13-44:29
44                <action android:name="android.intent.action.MAIN" />
44-->src/main/AndroidManifest.xml:41:17-69
44-->src/main/AndroidManifest.xml:41:25-66
45
46                <category android:name="android.intent.category.LAUNCHER" />
46-->src/main/AndroidManifest.xml:43:17-77
46-->src/main/AndroidManifest.xml:43:27-74
47            </intent-filter>
48        </activity>
49        <activity
49-->src/main/AndroidManifest.xml:47:9-52:58
50            android:name="com.hisdu.meas.ui.main.MainActivity"
50-->src/main/AndroidManifest.xml:48:13-63
51            android:configChanges="orientation"
51-->src/main/AndroidManifest.xml:49:13-48
52            android:screenOrientation="portrait"
52-->src/main/AndroidManifest.xml:50:13-49
53            android:theme="@style/AppTheme.NoActionBar"
53-->src/main/AndroidManifest.xml:51:13-56
54            android:windowSoftInputMode="adjustResize" />
54-->src/main/AndroidManifest.xml:52:13-55
55        <activity
55-->src/main/AndroidManifest.xml:53:9-58:63
56            android:name="com.zest.android.ui.login.LoginActivity"
56-->src/main/AndroidManifest.xml:54:13-67
57            android:configChanges="orientation"
57-->src/main/AndroidManifest.xml:55:13-48
58            android:screenOrientation="portrait"
58-->src/main/AndroidManifest.xml:56:13-49
59            android:theme="@style/AppTheme.NoActionBar"
59-->src/main/AndroidManifest.xml:57:13-56
60            android:windowSoftInputMode="stateAlwaysHidden" />
60-->src/main/AndroidManifest.xml:58:13-60
61
62        <provider
62-->[com.squareup.picasso:picasso:2.71828] AndroidManifest.xml:8:9-11:40
63            android:name="com.squareup.picasso.PicassoProvider"
63-->[com.squareup.picasso:picasso:2.71828] AndroidManifest.xml:9:13-64
64            android:authorities="com.hisdu.revamp.com.squareup.picasso"
64-->[com.squareup.picasso:picasso:2.71828] AndroidManifest.xml:10:13-72
65            android:exported="false" />
65-->[com.squareup.picasso:picasso:2.71828] AndroidManifest.xml:11:13-37
66
67        <activity
67-->[com.github.dhaval2404:imagepicker-support:1.7.1] AndroidManifest.xml:15:9-18:68
68            android:name="com.github.dhaval2404.imagepicker.ImagePickerActivity"
68-->[com.github.dhaval2404:imagepicker-support:1.7.1] AndroidManifest.xml:16:13-81
69            android:screenOrientation="unspecified"
69-->[com.github.dhaval2404:imagepicker-support:1.7.1] AndroidManifest.xml:17:13-52
70            android:theme="@style/Theme.Transparent.ImagePicker" />
70-->[com.github.dhaval2404:imagepicker-support:1.7.1] AndroidManifest.xml:18:13-65
71        <activity
71-->[com.github.dhaval2404:imagepicker-support:1.7.1] AndroidManifest.xml:19:9-22:72
72            android:name="com.yalantis.ucrop.UCropActivity"
72-->[com.github.dhaval2404:imagepicker-support:1.7.1] AndroidManifest.xml:20:13-60
73            android:screenOrientation="portrait"
73-->[com.github.dhaval2404:imagepicker-support:1.7.1] AndroidManifest.xml:21:13-49
74            android:theme="@style/Theme.AppCompat.Light.NoActionBar" />
74-->[com.github.dhaval2404:imagepicker-support:1.7.1] AndroidManifest.xml:22:13-69
75
76        <provider
76-->[com.github.dhaval2404:imagepicker-support:1.7.1] AndroidManifest.xml:24:9-32:20
77            android:name="com.github.dhaval2404.imagepicker.ImagePickerFileProvider"
77-->[com.github.dhaval2404:imagepicker-support:1.7.1] AndroidManifest.xml:25:13-85
78            android:authorities="com.hisdu.revamp.imagepicker.provider"
78-->[com.github.dhaval2404:imagepicker-support:1.7.1] AndroidManifest.xml:26:13-72
79            android:exported="false"
79-->[com.github.dhaval2404:imagepicker-support:1.7.1] AndroidManifest.xml:27:13-37
80            android:grantUriPermissions="true" >
80-->[com.github.dhaval2404:imagepicker-support:1.7.1] AndroidManifest.xml:28:13-47
81            <meta-data
81-->[com.github.dhaval2404:imagepicker-support:1.7.1] AndroidManifest.xml:29:13-31:71
82                android:name="android.support.FILE_PROVIDER_PATHS"
82-->[com.github.dhaval2404:imagepicker-support:1.7.1] AndroidManifest.xml:30:17-67
83                android:resource="@xml/image_picker_provider_paths" />
83-->[com.github.dhaval2404:imagepicker-support:1.7.1] AndroidManifest.xml:31:17-68
84        </provider>
85
86        <activity
86-->[com.google.android.gms:play-services-base:17.5.0] AndroidManifest.xml:23:9-26:75
87            android:name="com.google.android.gms.common.api.GoogleApiActivity"
87-->[com.google.android.gms:play-services-base:17.5.0] AndroidManifest.xml:24:13-79
88            android:exported="false"
88-->[com.google.android.gms:play-services-base:17.5.0] AndroidManifest.xml:25:13-37
89            android:theme="@android:style/Theme.Translucent.NoTitleBar" />
89-->[com.google.android.gms:play-services-base:17.5.0] AndroidManifest.xml:26:13-72
90
91        <receiver
91-->[com.google.android.gms:play-services-measurement:20.0.0] AndroidManifest.xml:29:9-33:20
92            android:name="com.google.android.gms.measurement.AppMeasurementReceiver"
92-->[com.google.android.gms:play-services-measurement:20.0.0] AndroidManifest.xml:30:13-85
93            android:enabled="true"
93-->[com.google.android.gms:play-services-measurement:20.0.0] AndroidManifest.xml:31:13-35
94            android:exported="false" >
94-->[com.google.android.gms:play-services-measurement:20.0.0] AndroidManifest.xml:32:13-37
95        </receiver>
96
97        <service
97-->[com.google.android.gms:play-services-measurement:20.0.0] AndroidManifest.xml:35:9-38:40
98            android:name="com.google.android.gms.measurement.AppMeasurementService"
98-->[com.google.android.gms:play-services-measurement:20.0.0] AndroidManifest.xml:36:13-84
99            android:enabled="true"
99-->[com.google.android.gms:play-services-measurement:20.0.0] AndroidManifest.xml:37:13-35
100            android:exported="false" />
100-->[com.google.android.gms:play-services-measurement:20.0.0] AndroidManifest.xml:38:13-37
101        <service
101-->[com.google.android.gms:play-services-measurement:20.0.0] AndroidManifest.xml:39:9-43:72
102            android:name="com.google.android.gms.measurement.AppMeasurementJobService"
102-->[com.google.android.gms:play-services-measurement:20.0.0] AndroidManifest.xml:40:13-87
103            android:enabled="true"
103-->[com.google.android.gms:play-services-measurement:20.0.0] AndroidManifest.xml:41:13-35
104            android:exported="false"
104-->[com.google.android.gms:play-services-measurement:20.0.0] AndroidManifest.xml:42:13-37
105            android:permission="android.permission.BIND_JOB_SERVICE" />
105-->[com.google.android.gms:play-services-measurement:20.0.0] AndroidManifest.xml:43:13-69
106        <service
106-->[com.google.android.gms:play-services-measurement-api:20.0.0] AndroidManifest.xml:27:9-33:19
107            android:name="com.google.firebase.components.ComponentDiscoveryService"
107-->[com.google.android.gms:play-services-measurement-api:20.0.0] AndroidManifest.xml:28:13-84
108            android:directBootAware="true"
108-->[com.google.firebase:firebase-common:20.0.0] AndroidManifest.xml:35:13-43
109            android:exported="false" >
109-->[com.google.android.gms:play-services-measurement-api:20.0.0] AndroidManifest.xml:29:13-37
110            <meta-data
110-->[com.google.android.gms:play-services-measurement-api:20.0.0] AndroidManifest.xml:30:13-32:85
111                android:name="com.google.firebase.components:com.google.firebase.analytics.connector.internal.AnalyticsConnectorRegistrar"
111-->[com.google.android.gms:play-services-measurement-api:20.0.0] AndroidManifest.xml:31:17-139
112                android:value="com.google.firebase.components.ComponentRegistrar" />
112-->[com.google.android.gms:play-services-measurement-api:20.0.0] AndroidManifest.xml:32:17-82
113            <meta-data
113-->[com.google.firebase:firebase-crashlytics:18.2.4] AndroidManifest.xml:18:13-20:85
114                android:name="com.google.firebase.components:com.google.firebase.crashlytics.CrashlyticsRegistrar"
114-->[com.google.firebase:firebase-crashlytics:18.2.4] AndroidManifest.xml:19:17-115
115                android:value="com.google.firebase.components.ComponentRegistrar" />
115-->[com.google.firebase:firebase-crashlytics:18.2.4] AndroidManifest.xml:20:17-82
116            <meta-data
116-->[com.google.firebase:firebase-installations:17.0.0] AndroidManifest.xml:18:13-20:85
117                android:name="com.google.firebase.components:com.google.firebase.installations.FirebaseInstallationsRegistrar"
117-->[com.google.firebase:firebase-installations:17.0.0] AndroidManifest.xml:19:17-127
118                android:value="com.google.firebase.components.ComponentRegistrar" />
118-->[com.google.firebase:firebase-installations:17.0.0] AndroidManifest.xml:20:17-82
119        </service>
120
121        <provider
121-->[com.google.firebase:firebase-common:20.0.0] AndroidManifest.xml:26:9-31:39
122            android:name="com.google.firebase.provider.FirebaseInitProvider"
122-->[com.google.firebase:firebase-common:20.0.0] AndroidManifest.xml:27:13-77
123            android:authorities="com.hisdu.revamp.firebaseinitprovider"
123-->[com.google.firebase:firebase-common:20.0.0] AndroidManifest.xml:28:13-72
124            android:directBootAware="true"
124-->[com.google.firebase:firebase-common:20.0.0] AndroidManifest.xml:29:13-43
125            android:exported="false"
125-->[com.google.firebase:firebase-common:20.0.0] AndroidManifest.xml:30:13-37
126            android:initOrder="100" />
126-->[com.google.firebase:firebase-common:20.0.0] AndroidManifest.xml:31:13-36
127
128        <meta-data
128-->[com.google.android.gms:play-services-basement:17.5.0] AndroidManifest.xml:23:9-25:69
129            android:name="com.google.android.gms.version"
129-->[com.google.android.gms:play-services-basement:17.5.0] AndroidManifest.xml:24:13-58
130            android:value="@integer/google_play_services_version" />
130-->[com.google.android.gms:play-services-basement:17.5.0] AndroidManifest.xml:25:13-66
131
132        <service
132-->[androidx.room:room-runtime:2.5.0-alpha02] AndroidManifest.xml:25:9-29:63
133            android:name="androidx.room.MultiInstanceInvalidationService"
133-->[androidx.room:room-runtime:2.5.0-alpha02] AndroidManifest.xml:26:13-74
134            android:directBootAware="true"
134-->[androidx.room:room-runtime:2.5.0-alpha02] AndroidManifest.xml:27:13-43
135            android:exported="false" />
135-->[androidx.room:room-runtime:2.5.0-alpha02] AndroidManifest.xml:28:13-37
136
137        <uses-library
137-->[androidx.window:window:1.0.0] AndroidManifest.xml:25:9-27:40
138            android:name="androidx.window.extensions"
138-->[androidx.window:window:1.0.0] AndroidManifest.xml:26:13-54
139            android:required="false" />
139-->[androidx.window:window:1.0.0] AndroidManifest.xml:27:13-37
140        <uses-library
140-->[androidx.window:window:1.0.0] AndroidManifest.xml:28:9-30:40
141            android:name="androidx.window.sidecar"
141-->[androidx.window:window:1.0.0] AndroidManifest.xml:29:13-51
142            android:required="false" />
142-->[androidx.window:window:1.0.0] AndroidManifest.xml:30:13-37
143
144        <service
144-->[com.google.android.datatransport:transport-backend-cct:3.1.0] AndroidManifest.xml:29:9-35:19
145            android:name="com.google.android.datatransport.runtime.backends.TransportBackendDiscovery"
145-->[com.google.android.datatransport:transport-backend-cct:3.1.0] AndroidManifest.xml:30:13-103
146            android:exported="false" >
146-->[com.google.android.datatransport:transport-backend-cct:3.1.0] AndroidManifest.xml:31:13-37
147            <meta-data
147-->[com.google.android.datatransport:transport-backend-cct:3.1.0] AndroidManifest.xml:32:13-34:39
148                android:name="backend:com.google.android.datatransport.cct.CctBackendFactory"
148-->[com.google.android.datatransport:transport-backend-cct:3.1.0] AndroidManifest.xml:33:17-94
149                android:value="cct" />
149-->[com.google.android.datatransport:transport-backend-cct:3.1.0] AndroidManifest.xml:34:17-36
150        </service>
151        <service
151-->[com.google.android.datatransport:transport-runtime:3.1.0] AndroidManifest.xml:26:9-30:19
152            android:name="com.google.android.datatransport.runtime.scheduling.jobscheduling.JobInfoSchedulerService"
152-->[com.google.android.datatransport:transport-runtime:3.1.0] AndroidManifest.xml:27:13-117
153            android:exported="false"
153-->[com.google.android.datatransport:transport-runtime:3.1.0] AndroidManifest.xml:28:13-37
154            android:permission="android.permission.BIND_JOB_SERVICE" >
154-->[com.google.android.datatransport:transport-runtime:3.1.0] AndroidManifest.xml:29:13-69
155        </service>
156
157        <receiver
157-->[com.google.android.datatransport:transport-runtime:3.1.0] AndroidManifest.xml:32:9-34:40
158            android:name="com.google.android.datatransport.runtime.scheduling.jobscheduling.AlarmManagerSchedulerBroadcastReceiver"
158-->[com.google.android.datatransport:transport-runtime:3.1.0] AndroidManifest.xml:33:13-132
159            android:exported="false" />
159-->[com.google.android.datatransport:transport-runtime:3.1.0] AndroidManifest.xml:34:13-37
160
161        <provider
161-->[androidx.emoji2:emoji2:1.0.0] AndroidManifest.xml:26:9-34:20
162            android:name="androidx.startup.InitializationProvider"
162-->[androidx.emoji2:emoji2:1.0.0] AndroidManifest.xml:27:13-67
163            android:authorities="com.hisdu.revamp.androidx-startup"
163-->[androidx.emoji2:emoji2:1.0.0] AndroidManifest.xml:28:13-68
164            android:exported="false" >
164-->[androidx.emoji2:emoji2:1.0.0] AndroidManifest.xml:29:13-37
165            <meta-data
165-->[androidx.emoji2:emoji2:1.0.0] AndroidManifest.xml:31:13-33:52
166                android:name="androidx.emoji2.text.EmojiCompatInitializer"
166-->[androidx.emoji2:emoji2:1.0.0] AndroidManifest.xml:32:17-75
167                android:value="androidx.startup" />
167-->[androidx.emoji2:emoji2:1.0.0] AndroidManifest.xml:33:17-49
168            <meta-data
168-->[androidx.lifecycle:lifecycle-process:2.4.0] AndroidManifest.xml:31:13-33:52
169                android:name="androidx.lifecycle.ProcessLifecycleInitializer"
169-->[androidx.lifecycle:lifecycle-process:2.4.0] AndroidManifest.xml:32:17-78
170                android:value="androidx.startup" />
170-->[androidx.lifecycle:lifecycle-process:2.4.0] AndroidManifest.xml:33:17-49
171        </provider>
172    </application>
173
174</manifest>